build/app/intermediates/manifest_merge_blame_file/release/manifest-merger-blame-release-report.txt
1<?xml version="1.0" encoding="utf-8"?>
2<manifest xmlns:android="http://schemas.android.com/apk/res/android"
3    package="com.bodhistudentdemo.in"
4    android:versionCode="11"
5    android:versionName="1.0.11" >
6
7    <uses-sdk
8        android:minSdkVersion="21"
8-->src/main/AndroidManifest.xml
9        android:targetSdkVersion="28" />
9-->src/main/AndroidManifest.xml
10    <!--
11         io.flutter.app.FlutterApplication is an android.app.Application that
12         calls FlutterMain.startInitialization(this); in its onCreate method.
13         In most cases you can leave this as-is, but you if you want to provide
14         additional functionality it is fine to subclass or reimplement
15         FlutterApplication and put your custom class here.
16    -->
17    <uses-permission android:name="android.permission.INTERNET" />
17-->src/main/AndroidManifest.xml:8:19-80
17-->src/main/AndroidManifest.xml:8:36-78
18    <uses-permission android:name="android.permission.ACCESS_NETWORK_STATE" />
18-->src/main/AndroidManifest.xml:9:10-83
18-->src/main/AndroidManifest.xml:9:27-81
19    <uses-permission android:name="android.permission.READ_PHONE_STATE" />
19-->src/main/AndroidManifest.xml:12:10-79
19-->src/main/AndroidManifest.xml:12:27-77
20    <uses-permission android:name="android.permission.RECORD_AUDIO" />
20-->src/main/AndroidManifest.xml:13:1-67
20-->src/main/AndroidManifest.xml:13:18-64
21    <uses-permission android:name="android.permission.CAMERA" />
21-->src/main/AndroidManifest.xml:14:1-61
21-->src/main/AndroidManifest.xml:14:18-58
22    <uses-permission android:name="android.permission.MODIFY_AUDIO_SETTINGS" />
22-->src/main/AndroidManifest.xml:15:1-76
22-->src/main/AndroidManifest.xml:15:18-73
23    <uses-permission android:name="android.permission.BLUETOOTH" />
23-->src/main/AndroidManifest.xml:16:1-64
23-->src/main/AndroidManifest.xml:16:18-61
24    <uses-permission android:name="android.permission.READ_EXTERNAL_STORAGE" />
24-->[:file_picker] AndroidManifest.xml:7:5-80
24-->[:file_picker] AndroidManifest.xml:7:22-77
25    <uses-permission android:name="android.permission.WRITE_EXTERNAL_STORAGE" />
25-->[:image_picker] AndroidManifest.xml:8:5-81
25-->[:image_picker] AndroidManifest.xml:8:22-78
26    <uses-permission android:name="android.permission.WAKE_LOCK" />
26-->[androidx.work:work-runtime:2.2.0] AndroidManifest.xml:25:5-68
26-->[androidx.work:work-runtime:2.2.0] AndroidManifest.xml:25:22-65
27    <uses-permission android:name="android.permission.RECEIVE_BOOT_COMPLETED" /> <!-- Required by older versions of Google Play services to create IID tokens -->
27-->[androidx.work:work-runtime:2.2.0] AndroidManifest.xml:27:5-81
27-->[androidx.work:work-runtime:2.2.0] AndroidManifest.xml:27:22-78
28    <uses-permission android:name="com.google.android.c2dm.permission.RECEIVE" />
28-->[com.google.firebase:firebase-iid:20.0.1] AndroidManifest.xml:26:5-82
28-->[com.google.firebase:firebase-iid:20.0.1] AndroidManifest.xml:26:22-79
29
30    <application
30-->src/main/AndroidManifest.xml:18:5-39:19
31        android:name="io.flutter.app.FlutterApplication"
31-->src/main/AndroidManifest.xml:19:9-57
32        android:appComponentFactory="androidx.core.app.CoreComponentFactory"
32-->[androidx.core:core:1.1.0] AndroidManifest.xml:24:18-86
33        android:icon="@mipmap/ic_launcher"
33-->src/main/AndroidManifest.xml:21:9-43
34        android:label="Student App" >
34-->src/main/AndroidManifest.xml:20:9-36
35        <activity
35-->src/main/AndroidManifest.xml:22:9-33:20
36            android:name="com.bodhistudentdemo.in.MainActivity"
36-->src/main/AndroidManifest.xml:23:13-41
37            android:configChanges="orientation|keyboardHidden|keyboard|screenSize|smallestScreenSize|locale|layoutDirection|fontScale|screenLayout|density|uiMode"
37-->src/main/AndroidManifest.xml:26:13-163
38            android:hardwareAccelerated="true"
38-->src/main/AndroidManifest.xml:27:13-47
39            android:launchMode="singleTop"
39-->src/main/AndroidManifest.xml:24:13-43
40            android:theme="@style/LaunchTheme"
40-->src/main/AndroidManifest.xml:25:13-47
41            android:windowSoftInputMode="adjustResize" >
41-->src/main/AndroidManifest.xml:28:13-55
42            <intent-filter>
42-->src/main/AndroidManifest.xml:29:13-32:29
43                <action android:name="android.intent.action.MAIN" />
43-->src/main/AndroidManifest.xml:30:17-68
43-->src/main/AndroidManifest.xml:30:25-66
44
45                <category android:name="android.intent.category.LAUNCHER" />
45-->src/main/AndroidManifest.xml:31:17-76
45-->src/main/AndroidManifest.xml:31:27-74
46            </intent-filter>
47        </activity>
48        <!--
49             Don't delete the meta-data below.
50             This is used by the Flutter tool to generate GeneratedPluginRegistrant.java
51        -->
52        <meta-data
52-->src/main/AndroidManifest.xml:36:9-38:33
53            android:name="flutterEmbedding"
53-->src/main/AndroidManifest.xml:37:13-44
54            android:value="2" />
54-->src/main/AndroidManifest.xml:38:13-30
55
56        <activity
56-->[:razorpay_flutter] AndroidManifest.xml:8:9-11:20
57            android:name="com.razorpay.CheckoutActivity"
57-->[:razorpay_flutter] AndroidManifest.xml:9:13-57
58            android:configChanges="keyboard|keyboardHidden|orientation|screenSize"
58-->[com.razorpay:checkout:1.5.4] AndroidManifest.xml:20:13-83
59            android:label="Razorpay Checkout"
59-->[:razorpay_flutter] AndroidManifest.xml:10:13-46
60            android:theme="@style/CheckoutTheme" >
60-->[com.razorpay:checkout:1.5.4] AndroidManifest.xml:21:13-49
61            <intent-filter>
61-->[com.razorpay:checkout:1.5.4] AndroidManifest.xml:22:13-28:29
62                <action android:name="android.intent.action.MAIN" />
62-->src/main/AndroidManifest.xml:30:17-68
62-->src/main/AndroidManifest.xml:30:25-66
63
64                <data
64-->[com.razorpay:checkout:1.5.4] AndroidManifest.xml:25:17-27:47
65                    android:host="rzp.io"
65-->[com.razorpay:checkout:1.5.4] AndroidManifest.xml:26:21-42
66                    android:scheme="io.rzp" />
66-->[com.razorpay:checkout:1.5.4] AndroidManifest.xml:27:21-44
67            </intent-filter>
68        </activity>
69
70        <provider
70-->[:image_picker] AndroidManifest.xml:11:9-19:20
71            android:name="io.flutter.plugins.imagepicker.ImagePickerFileProvider"
71-->[:image_picker] AndroidManifest.xml:12:13-82
72            android:authorities="com.bodhistudentdemo.in.flutter.image_provider"
72-->[:image_picker] AndroidManifest.xml:13:13-74
73            android:exported="false"
73-->[:image_picker] AndroidManifest.xml:14:13-37
74            android:grantUriPermissions="true" >
74-->[:image_picker] AndroidManifest.xml:15:13-47
75            <meta-data
75-->[:image_picker] AndroidManifest.xml:16:13-18:75
76                android:name="android.support.FILE_PROVIDER_PATHS"
76-->[:image_picker] AndroidManifest.xml:17:17-67
77                android:resource="@xml/flutter_image_picker_file_paths" />
77-->[:image_picker] AndroidManifest.xml:18:17-72
78        </provider>
79
80        <service android:name="io.flutter.plugins.firebasemessaging.FlutterFirebaseMessagingService" >
80-->[:firebase_messaging] AndroidManifest.xml:8:9-12:19
80-->[:firebase_messaging] AndroidManifest.xml:8:18-101
81            <intent-filter>
81-->[:firebase_messaging] AndroidManifest.xml:9:13-11:29
82                <action android:name="com.google.firebase.MESSAGING_EVENT" />
82-->[:firebase_messaging] AndroidManifest.xml:10:17-78
82-->[:firebase_messaging] AndroidManifest.xml:10:25-75
83            </intent-filter>
84        </service>
85        <service
85-->[:firebase_messaging] AndroidManifest.xml:13:9-17:19
86            android:name="com.google.firebase.components.ComponentDiscoveryService"
86-->[:firebase_messaging] AndroidManifest.xml:13:18-89
87            android:directBootAware="true"
87-->[com.google.firebase:firebase-common:19.2.0] AndroidManifest.xml:15:13-43
88            android:exported="false" >
88-->[com.google.firebase:firebase-iid:20.0.1] AndroidManifest.xml:31:13-37
89            <meta-data
89-->[:firebase_messaging] AndroidManifest.xml:14:13-16:85
90                android:name="com.google.firebase.components:io.flutter.plugins.firebasemessaging.FlutterFirebaseAppRegistrar"
90-->[:firebase_messaging] AndroidManifest.xml:15:17-127
91                android:value="com.google.firebase.components.ComponentRegistrar" />
91-->[:firebase_messaging] AndroidManifest.xml:16:17-82
92            <meta-data
92-->[com.google.firebase:firebase-iid:20.0.1] AndroidManifest.xml:32:13-34:85
93                android:name="com.google.firebase.components:com.google.firebase.iid.Registrar"
93-->[com.google.firebase:firebase-iid:20.0.1] AndroidManifest.xml:33:17-96
94                android:value="com.google.firebase.components.ComponentRegistrar" />
94-->[com.google.firebase:firebase-iid:20.0.1] AndroidManifest.xml:34:17-82
95        </service>
96
97        <activity
97-->[:url_launcher] AndroidManifest.xml:8:9-11:74
98            android:name="io.flutter.plugins.urllauncher.WebViewActivity"
98-->[:url_launcher] AndroidManifest.xml:9:13-74
99            android:exported="false"
99-->[:url_launcher] AndroidManifest.xml:10:13-37
100            android:theme="@android:style/Theme.NoTitleBar.Fullscreen" />
100-->[:url_launcher] AndroidManifest.xml:11:13-71
101
102        <provider
102-->[androidx.work:work-runtime:2.2.0] AndroidManifest.xml:30:9-36:35
103            android:name="androidx.work.impl.WorkManagerInitializer"
103-->[androidx.work:work-runtime:2.2.0] AndroidManifest.xml:31:13-69
104            android:authorities="com.bodhistudentdemo.in.workmanager-init"
104-->[androidx.work:work-runtime:2.2.0] AndroidManifest.xml:32:13-68
105            android:directBootAware="false"
105-->[androidx.work:work-runtime:2.2.0] AndroidManifest.xml:33:13-44
106            android:exported="false"
106-->[androidx.work:work-runtime:2.2.0] AndroidManifest.xml:34:13-37
107            android:multiprocess="true" />
107-->[androidx.work:work-runtime:2.2.0] AndroidManifest.xml:35:13-40
108
109        <service
109-->[androidx.work:work-runtime:2.2.0] AndroidManifest.xml:38:9-43:35
110            android:name="androidx.work.impl.background.systemalarm.SystemAlarmService"
110-->[androidx.work:work-runtime:2.2.0] AndroidManifest.xml:39:13-88
111            android:directBootAware="false"
111-->[androidx.work:work-runtime:2.2.0] AndroidManifest.xml:40:13-44
112            android:enabled="@bool/enable_system_alarm_service_default"
112-->[androidx.work:work-runtime:2.2.0] AndroidManifest.xml:41:13-72
113            android:exported="false" />
113-->[androidx.work:work-runtime:2.2.0] AndroidManifest.xml:42:13-37
114        <service
114-->[androidx.work:work-runtime:2.2.0] AndroidManifest.xml:44:9-50:35
115            android:name="androidx.work.impl.background.systemjob.SystemJobService"
115-->[androidx.work:work-runtime:2.2.0] AndroidManifest.xml:45:13-84
116            android:directBootAware="false"
116-->[androidx.work:work-runtime:2.2.0] AndroidManifest.xml:46:13-44
117            android:enabled="@bool/enable_system_job_service_default"
117-->[androidx.work:work-runtime:2.2.0] AndroidManifest.xml:47:13-70
118            android:exported="true"
118-->[androidx.work:work-runtime:2.2.0] AndroidManifest.xml:48:13-36
119            android:permission="android.permission.BIND_JOB_SERVICE" />
119-->[androidx.work:work-runtime:2.2.0] AndroidManifest.xml:49:13-69
120
121        <receiver
121-->[androidx.work:work-runtime:2.2.0] AndroidManifest.xml:52:9-57:35
122            android:name="androidx.work.impl.utils.ForceStopRunnable$BroadcastReceiver"
122-->[androidx.work:work-runtime:2.2.0] AndroidManifest.xml:53:13-88
123            android:directBootAware="false"
123-->[androidx.work:work-runtime:2.2.0] AndroidManifest.xml:54:13-44
124            android:enabled="true"
124-->[androidx.work:work-runtime:2.2.0] AndroidManifest.xml:55:13-35
125            android:exported="false" />
125-->[androidx.work:work-runtime:2.2.0] AndroidManifest.xml:56:13-37
126        <receiver
126-->[androidx.work:work-runtime:2.2.0] AndroidManifest.xml:58:9-68:20
127            android:name="androidx.work.impl.background.systemalarm.ConstraintProxy$BatteryChargingProxy"
127-->[androidx.work:work-runtime:2.2.0] AndroidManifest.xml:59:13-106
128            android:directBootAware="false"
128-->[androidx.work:work-runtime:2.2.0] AndroidManifest.xml:60:13-44
129            android:enabled="false"
129-->[androidx.work:work-runtime:2.2.0] AndroidManifest.xml:61:13-36
130            android:exported="false" >
130-->[androidx.work:work-runtime:2.2.0] AndroidManifest.xml:62:13-37
131            <intent-filter>
131-->[androidx.work:work-runtime:2.2.0] AndroidManifest.xml:64:13-67:29
132                <action android:name="android.intent.action.ACTION_POWER_CONNECTED" />
132-->[androidx.work:work-runtime:2.2.0] AndroidManifest.xml:65:17-87
132-->[androidx.work:work-runtime:2.2.0] AndroidManifest.xml:65:25-84
133                <action android:name="android.intent.action.ACTION_POWER_DISCONNECTED" />
133-->[androidx.work:work-runtime:2.2.0] AndroidManifest.xml:66:17-90
133-->[androidx.work:work-runtime:2.2.0] AndroidManifest.xml:66:25-87
134            </intent-filter>
135        </receiver>
136        <receiver
136-->[androidx.work:work-runtime:2.2.0] AndroidManifest.xml:69:9-79:20
137            android:name="androidx.work.impl.background.systemalarm.ConstraintProxy$BatteryNotLowProxy"
137-->[androidx.work:work-runtime:2.2.0] AndroidManifest.xml:70:13-104
138            android:directBootAware="false"
138-->[androidx.work:work-runtime:2.2.0] AndroidManifest.xml:71:13-44
139            android:enabled="false"
139-->[androidx.work:work-runtime:2.2.0] AndroidManifest.xml:72:13-36
140            android:exported="false" >
140-->[androidx.work:work-runtime:2.2.0] AndroidManifest.xml:73:13-37
141            <intent-filter>
141-->[androidx.work:work-runtime:2.2.0] AndroidManifest.xml:75:13-78:29
142                <action android:name="android.intent.action.BATTERY_OKAY" />
142-->[androidx.work:work-runtime:2.2.0] AndroidManifest.xml:76:17-77
142-->[androidx.work:work-runtime:2.2.0] AndroidManifest.xml:76:25-74
143                <action android:name="android.intent.action.BATTERY_LOW" />
143-->[androidx.work:work-runtime:2.2.0] AndroidManifest.xml:77:17-76
143-->[androidx.work:work-runtime:2.2.0] AndroidManifest.xml:77:25-73
144            </intent-filter>
145        </receiver>
146        <receiver
146-->[androidx.work:work-runtime:2.2.0] AndroidManifest.xml:80:9-90:20
147            android:name="androidx.work.impl.background.systemalarm.ConstraintProxy$StorageNotLowProxy"
147-->[androidx.work:work-runtime:2.2.0] AndroidManifest.xml:81:13-104
148            android:directBootAware="false"
148-->[androidx.work:work-runtime:2.2.0] AndroidManifest.xml:82:13-44
149            android:enabled="false"
149-->[androidx.work:work-runtime:2.2.0] AndroidManifest.xml:83:13-36
150            android:exported="false" >
150-->[androidx.work:work-runtime:2.2.0] AndroidManifest.xml:84:13-37
151            <intent-filter>
151-->[androidx.work:work-runtime:2.2.0] AndroidManifest.xml:86:13-89:29
152                <action android:name="android.intent.action.DEVICE_STORAGE_LOW" />
152-->[androidx.work:work-runtime:2.2.0] AndroidManifest.xml:87:17-83
152-->[androidx.work:work-runtime:2.2.0] AndroidManifest.xml:87:25-80
153                <action android:name="android.intent.action.DEVICE_STORAGE_OK" />
153-->[androidx.work:work-runtime:2.2.0] AndroidManifest.xml:88:17-82
153-->[androidx.work:work-runtime:2.2.0] AndroidManifest.xml:88:25-79
154            </intent-filter>
155        </receiver>
156        <receiver
156-->[androidx.work:work-runtime:2.2.0] AndroidManifest.xml:91:9-100:20
157            android:name="androidx.work.impl.background.systemalarm.ConstraintProxy$NetworkStateProxy"
157-->[androidx.work:work-runtime:2.2.0] AndroidManifest.xml:92:13-103
158            android:directBootAware="false"
158-->[androidx.work:work-runtime:2.2.0] AndroidManifest.xml:93:13-44
159            android:enabled="false"
159-->[androidx.work:work-runtime:2.2.0] AndroidManifest.xml:94:13-36
160            android:exported="false" >
160-->[androidx.work:work-runtime:2.2.0] AndroidManifest.xml:95:13-37
161            <intent-filter>
161-->[androidx.work:work-runtime:2.2.0] AndroidManifest.xml:97:13-99:29
162                <action android:name="android.net.conn.CONNECTIVITY_CHANGE" />
162-->[androidx.work:work-runtime:2.2.0] AndroidManifest.xml:98:17-79
162-->[androidx.work:work-runtime:2.2.0] AndroidManifest.xml:98:25-76
163            </intent-filter>
164        </receiver>
165        <receiver
165-->[androidx.work:work-runtime:2.2.0] AndroidManifest.xml:101:9-112:20
166            android:name="androidx.work.impl.background.systemalarm.RescheduleReceiver"
166-->[androidx.work:work-runtime:2.2.0] AndroidManifest.xml:102:13-88
167            android:directBootAware="false"
167-->[androidx.work:work-runtime:2.2.0] AndroidManifest.xml:103:13-44
168            android:enabled="false"
168-->[androidx.work:work-runtime:2.2.0] AndroidManifest.xml:104:13-36
169            android:exported="false" >
169-->[androidx.work:work-runtime:2.2.0] AndroidManifest.xml:105:13-37
170            <intent-filter>
170-->[androidx.work:work-runtime:2.2.0] AndroidManifest.xml:107:13-111:29
171                <action android:name="android.intent.action.BOOT_COMPLETED" />
171-->[androidx.work:work-runtime:2.2.0] AndroidManifest.xml:108:17-79
171-->[androidx.work:work-runtime:2.2.0] AndroidManifest.xml:108:25-76
172                <action android:name="android.intent.action.TIME_SET" />
172-->[androidx.work:work-runtime:2.2.0] AndroidManifest.xml:109:17-73
172-->[androidx.work:work-runtime:2.2.0] AndroidManifest.xml:109:25-70
173                <action android:name="android.intent.action.TIMEZONE_CHANGED" />
173-->[androidx.work:work-runtime:2.2.0] AndroidManifest.xml:110:17-81
173-->[androidx.work:work-runtime:2.2.0] AndroidManifest.xml:110:25-78
174            </intent-filter>
175        </receiver>
176        <receiver
176-->[androidx.work:work-runtime:2.2.0] AndroidManifest.xml:113:9-122:20
177            android:name="androidx.work.impl.background.systemalarm.ConstraintProxyUpdateReceiver"
177-->[androidx.work:work-runtime:2.2.0] AndroidManifest.xml:114:13-99
178            android:directBootAware="false"
178-->[androidx.work:work-runtime:2.2.0] AndroidManifest.xml:115:13-44
179            android:enabled="@bool/enable_system_alarm_service_default"
179-->[androidx.work:work-runtime:2.2.0] AndroidManifest.xml:116:13-72
180            android:exported="false" >
180-->[androidx.work:work-runtime:2.2.0] AndroidManifest.xml:117:13-37
181            <intent-filter>
181-->[androidx.work:work-runtime:2.2.0] AndroidManifest.xml:119:13-121:29
182                <action android:name="androidx.work.impl.background.systemalarm.UpdateProxies" />
182-->[androidx.work:work-runtime:2.2.0] AndroidManifest.xml:120:17-98
182-->[androidx.work:work-runtime:2.2.0] AndroidManifest.xml:120:25-95
183            </intent-filter>
184        </receiver>
185        <!--
186             FirebaseMessagingService performs security checks at runtime,
187             but set to not exported to explicitly avoid allowing another app to call it.
188        -->
189        <service
189-->[com.google.firebase:firebase-messaging:20.0.1] AndroidManifest.xml:28:9-34:19
190            android:name="com.google.firebase.messaging.FirebaseMessagingService"
190-->[com.google.firebase:firebase-messaging:20.0.1] AndroidManifest.xml:29:13-82
191            android:exported="false" >
191-->[com.google.firebase:firebase-messaging:20.0.1] AndroidManifest.xml:30:13-37
192            <intent-filter android:priority="-500" >
192-->[:firebase_messaging] AndroidManifest.xml:9:13-11:29
193                <action android:name="com.google.firebase.MESSAGING_EVENT" />
193-->[:firebase_messaging] AndroidManifest.xml:10:17-78
193-->[:firebase_messaging] AndroidManifest.xml:10:25-75
194            </intent-filter>
195        </service>
196
197        <receiver
197-->[com.google.firebase:firebase-iid:20.0.1] AndroidManifest.xml:37:9-44:20
198            android:name="com.google.firebase.iid.FirebaseInstanceIdReceiver"
198-->[com.google.firebase:firebase-iid:20.0.1] AndroidManifest.xml:38:13-78
199            android:exported="true"
199-->[com.google.firebase:firebase-iid:20.0.1] AndroidManifest.xml:39:13-36
200            android:permission="com.google.android.c2dm.permission.SEND" >
200-->[com.google.firebase:firebase-iid:20.0.1] AndroidManifest.xml:40:13-73
201            <intent-filter>
201-->[com.google.firebase:firebase-iid:20.0.1] AndroidManifest.xml:41:13-43:29
202                <action android:name="com.google.android.c2dm.intent.RECEIVE" />
202-->[com.google.firebase:firebase-iid:20.0.1] AndroidManifest.xml:42:17-81
202-->[com.google.firebase:firebase-iid:20.0.1] AndroidManifest.xml:42:25-78
203            </intent-filter>
204        </receiver>
205
206        <provider
206-->[com.google.firebase:firebase-common:19.2.0] AndroidManifest.xml:19:9-23:39
207            android:name="com.google.firebase.provider.FirebaseInitProvider"
207-->[com.google.firebase:firebase-common:19.2.0] AndroidManifest.xml:20:13-77
208            android:authorities="com.bodhistudentdemo.in.firebaseinitprovider"
208-->[com.google.firebase:firebase-common:19.2.0] AndroidManifest.xml:21:13-72
209            android:exported="false"
209-->[com.google.firebase:firebase-common:19.2.0] AndroidManifest.xml:22:13-37
210            android:initOrder="100" />
210-->[com.google.firebase:firebase-common:19.2.0] AndroidManifest.xml:23:13-36
211
212        <activity
212-->[com.google.android.gms:play-services-base:17.0.0] AndroidManifest.xml:23:9-26:75
213            android:name="com.google.android.gms.common.api.GoogleApiActivity"
213-->[com.google.android.gms:play-services-base:17.0.0] AndroidManifest.xml:24:13-79
214            android:exported="false"
214-->[com.google.android.gms:play-services-base:17.0.0] AndroidManifest.xml:25:13-37
215            android:theme="@android:style/Theme.Translucent.NoTitleBar" />
215-->[com.google.android.gms:play-services-base:17.0.0] AndroidManifest.xml:26:13-72
216
217        <meta-data
217-->[com.google.android.gms:play-services-basement:17.0.0] AndroidManifest.xml:23:9-25:69
218            android:name="com.google.android.gms.version"
218-->[com.google.android.gms:play-services-basement:17.0.0] AndroidManifest.xml:24:13-58
219            android:value="@integer/google_play_services_version" />
219-->[com.google.android.gms:play-services-basement:17.0.0] AndroidManifest.xml:25:13-66
220
221        <service
221-->[androidx.room:room-runtime:2.1.0] AndroidManifest.xml:25:9-27:40
222            android:name="androidx.room.MultiInstanceInvalidationService"
222-->[androidx.room:room-runtime:2.1.0] AndroidManifest.xml:26:13-74
223            android:exported="false" />
223-->[androidx.room:room-runtime:2.1.0] AndroidManifest.xml:27:13-37
224
225        <receiver android:name="com.razorpay.RzpTokenReceiver" >
225-->[com.razorpay:checkout:1.5.4] AndroidManifest.xml:12:9-16:20
225-->[com.razorpay:checkout:1.5.4] AndroidManifest.xml:12:19-63
226            <intent-filter>
226-->[com.razorpay:checkout:1.5.4] AndroidManifest.xml:13:13-15:29
227                <action android:name="rzp.device_token.share" />
227-->[com.razorpay:checkout:1.5.4] AndroidManifest.xml:14:17-65
227-->[com.razorpay:checkout:1.5.4] AndroidManifest.xml:14:25-62
228            </intent-filter>
229        </receiver>
230    </application>
231
232</manifest>